<?xml version="1.0" encoding="UTF-8"?>
<!-- Generated by org.testng.reporters.JUnitXMLReporter -->
<testsuite ignored="0" hostname="DESKTOP-UNSRAG7" failures="1" tests="1" name="Pixel_4" time="2.654" errors="0" timestamp="2022-04-24T15:12:35 IST">
  <testcase classname="com.qa.tests.Scenario1" name="Scenario1_Test" time="0.007">
    <failure type="java.lang.NullPointerException" message="Cannot invoke &amp;quot;com.Pages.LoginPage.enterUserName(String)&amp;quot; because &amp;quot;this.loginPage&amp;quot; is null">
      <![CDATA[java.lang.NullPointerException: Cannot invoke "com.Pages.LoginPage.enterUserName(String)" because "this.loginPage" is null
at com.qa.tests.Scenario1.Scenario1_Test(Scenario1.java:62)
at java.base/java.util.ArrayList.forEach(ArrayList.java:1511)
... Removed 27 stack frames]]>
    </failure>
  </testcase> <!-- Scenario1_Test -->
</testsuite> <!-- Pixel_4 -->
