<?xml version="1.0" encoding="UTF-8"?>
<!-- Generated by org.testng.reporters.JUnitXMLReporter -->
<testsuite ignored="2" hostname="DESKTOP-UNSRAG7" failures="0" tests="3" name="MyTests" time="18.042" errors="0" timestamp="2022-04-08T21:29:48 IST">
  <testcase classname="com.test.Scenario1" name="select_product" time="1.151"/>
  <testcase classname="com.test.Scenario2" name="select_product" time="1.017"/>
  <testcase classname="com.test.Scenario3" name="select_product" time="6.103"/>
  <testcase classname="com.base.BaseClass" name="@BeforeSuite setUpEnv" time="0.0">
    <ignored/>
  </testcase> <!-- @BeforeSuite setUpEnv -->
  <testcase classname="com.base.BaseClass" name="@BeforeSuite setUpEnv" time="0.0">
    <ignored/>
  </testcase> <!-- @BeforeSuite setUpEnv -->
</testsuite> <!-- MyTests -->
