<?xml version="1.0" encoding="UTF-8"?>
<!-- Generated by org.testng.reporters.JUnitXMLReporter -->
<testsuite ignored="1" hostname="DESKTOP-UNSRAG7" failures="0" tests="2" name="MyTests" time="7.047" errors="0" timestamp="2022-04-08T20:28:17 IST">
  <testcase classname="com.test.Scenario1" name="select_product" time="1.087"/>
  <testcase classname="com.test.Scenario2" name="select_product" time="0.996"/>
  <testcase classname="com.base.BaseClass" name="@BeforeSuite setUpEnv" time="0.0">
    <ignored/>
  </testcase> <!-- @BeforeSuite setUpEnv -->
</testsuite> <!-- MyTests -->
