<?xml version="1.0" encoding="UTF-8"?>
<testng-results ignored="0" total="1" passed="1" failed="0" skipped="0">
  <reporter-output>
  </reporter-output>
  <suite started-at="2022-04-08T17:58:21 IST" name="Test-Suite" finished-at="2022-04-08T17:58:27 IST" duration-ms="6001">
    <groups>
    </groups>
    <test started-at="2022-04-08T17:58:21 IST" name="MyTests" finished-at="2022-04-08T17:58:27 IST" duration-ms="6001">
      <class name="com.test.Scenario1">
        <test-method is-config="true" signature="setUpEnv()[pri:0, instance:com.test.Scenario1@5562c41e]" started-at="2022-04-08T17:58:21 IST" name="setUpEnv" finished-at="2022-04-08T17:58:21 IST" duration-ms="11" status="PASS">
          <reporter-output>
          </reporter-output>
        </test-method> <!-- setUpEnv -->
        <test-method is-config="true" signature="setUp()[pri:0, instance:com.test.Scenario1@5562c41e]" started-at="2022-04-08T17:58:21 IST" name="setUp" finished-at="2022-04-08T17:58:26 IST" duration-ms="4428" status="PASS">
          <reporter-output>
          </reporter-output>
        </test-method> <!-- setUp -->
        <test-method signature="select_product()[pri:0, instance:com.test.Scenario1@5562c41e]" started-at="2022-04-08T17:58:26 IST" name="select_product" finished-at="2022-04-08T17:58:27 IST" duration-ms="1283" status="PASS">
          <reporter-output>
          </reporter-output>
        </test-method> <!-- select_product -->
        <test-method is-config="true" signature="FailedTestCases(org.testng.ITestResult)[pri:0, instance:com.test.Scenario1@5562c41e]" started-at="2022-04-08T17:58:27 IST" name="FailedTestCases" finished-at="2022-04-08T17:58:27 IST" duration-ms="2" status="PASS">
          <params>
            <param index="0">
              <value>
                <![CDATA[[TestResult name=select_product status=SUCCESS method=Scenario1.select_product()[pri:0, instance:com.test.Scenario1@5562c41e] output={null}]]]>
              </value>
            </param>
          </params>
          <reporter-output>
          </reporter-output>
        </test-method> <!-- FailedTestCases -->
        <test-method is-config="true" signature="tearDown()[pri:0, instance:com.test.Scenario1@5562c41e]" started-at="2022-04-08T17:58:27 IST" name="tearDown" finished-at="2022-04-08T17:58:27 IST" duration-ms="261" status="PASS">
          <reporter-output>
          </reporter-output>
        </test-method> <!-- tearDown -->
      </class> <!-- com.test.Scenario1 -->
    </test> <!-- MyTests -->
  </suite> <!-- Test-Suite -->
</testng-results>
