<?xml version="1.0" encoding="UTF-8"?>
<testng-results ignored="2" total="5" passed="3" failed="0" skipped="0">
  <reporter-output>
  </reporter-output>
  <suite started-at="2022-04-11T08:47:05 IST" name="Suite" finished-at="2022-04-11T08:47:22 IST" duration-ms="17674">
    <groups>
    </groups>
    <test started-at="2022-04-11T08:47:05 IST" name="Listeners_program" finished-at="2022-04-11T08:47:22 IST" duration-ms="17674">
      <class name="com.test.Scenario3">
        <test-method is-config="true" signature="setUp()[pri:0, instance:com.test.Scenario3@5acf93bb]" started-at="2022-04-11T08:47:13 IST" name="setUp" finished-at="2022-04-11T08:47:15 IST" duration-ms="1781" status="PASS">
          <reporter-output>
          </reporter-output>
        </test-method> <!-- setUp -->
        <test-method signature="Scenario_3()[pri:0, instance:com.test.Scenario3@5acf93bb]" started-at="2022-04-11T08:47:15 IST" name="Scenario_3" finished-at="2022-04-11T08:47:21 IST" duration-ms="6340" status="PASS">
          <reporter-output>
          </reporter-output>
        </test-method> <!-- Scenario_3 -->
        <test-method is-config="true" signature="FailedTestCases(org.testng.ITestResult)[pri:0, instance:com.test.Scenario3@5acf93bb]" started-at="2022-04-11T08:47:21 IST" name="FailedTestCases" finished-at="2022-04-11T08:47:21 IST" duration-ms="0" status="PASS">
          <params>
            <param index="0">
              <value>
                <![CDATA[[TestResult name=Scenario_3 status=SUCCESS method=Scenario3.Scenario_3()[pri:0, instance:com.test.Scenario3@5acf93bb] output={null}]]]>
              </value>
            </param>
          </params>
          <reporter-output>
          </reporter-output>
        </test-method> <!-- FailedTestCases -->
        <test-method is-config="true" signature="tearDown()[pri:0, instance:com.test.Scenario3@5acf93bb]" started-at="2022-04-11T08:47:21 IST" name="tearDown" finished-at="2022-04-11T08:47:22 IST" duration-ms="1177" status="PASS">
          <reporter-output>
          </reporter-output>
        </test-method> <!-- tearDown -->
      </class> <!-- com.test.Scenario3 -->
      <class name="com.test.Scenario1">
        <test-method is-config="true" signature="setUpEnv()[pri:0, instance:com.test.Scenario1@22ef9844]" started-at="2022-04-11T08:47:05 IST" name="setUpEnv" finished-at="2022-04-11T08:47:05 IST" duration-ms="13" status="PASS">
          <reporter-output>
          </reporter-output>
        </test-method> <!-- setUpEnv -->
        <test-method is-config="true" signature="setUp()[pri:0, instance:com.test.Scenario1@22ef9844]" started-at="2022-04-11T08:47:05 IST" name="setUp" finished-at="2022-04-11T08:47:08 IST" duration-ms="3229" status="PASS">
          <reporter-output>
          </reporter-output>
        </test-method> <!-- setUp -->
        <test-method signature="Scenario_1()[pri:0, instance:com.test.Scenario1@22ef9844]" started-at="2022-04-11T08:47:08 IST" name="Scenario_1" finished-at="2022-04-11T08:47:09 IST" duration-ms="1359" status="PASS">
          <reporter-output>
          </reporter-output>
        </test-method> <!-- Scenario_1 -->
        <test-method is-config="true" signature="FailedTestCases(org.testng.ITestResult)[pri:0, instance:com.test.Scenario1@22ef9844]" started-at="2022-04-11T08:47:09 IST" name="FailedTestCases" finished-at="2022-04-11T08:47:09 IST" duration-ms="2" status="PASS">
          <params>
            <param index="0">
              <value>
                <![CDATA[[TestResult name=Scenario_1 status=SUCCESS method=Scenario1.Scenario_1()[pri:0, instance:com.test.Scenario1@22ef9844] output={null}]]]>
              </value>
            </param>
          </params>
          <reporter-output>
          </reporter-output>
        </test-method> <!-- FailedTestCases -->
        <test-method is-config="true" signature="tearDown()[pri:0, instance:com.test.Scenario1@22ef9844]" started-at="2022-04-11T08:47:09 IST" name="tearDown" finished-at="2022-04-11T08:47:10 IST" duration-ms="224" status="PASS">
          <reporter-output>
          </reporter-output>
        </test-method> <!-- tearDown -->
      </class> <!-- com.test.Scenario1 -->
      <class name="com.test.Scenario2">
        <test-method is-config="true" signature="setUp()[pri:0, instance:com.test.Scenario2@1a18644]" started-at="2022-04-11T08:47:10 IST" name="setUp" finished-at="2022-04-11T08:47:11 IST" duration-ms="1718" status="PASS">
          <reporter-output>
          </reporter-output>
        </test-method> <!-- setUp -->
        <test-method signature="Scenario_2()[pri:0, instance:com.test.Scenario2@1a18644]" started-at="2022-04-11T08:47:11 IST" name="Scenario_2" finished-at="2022-04-11T08:47:13 IST" duration-ms="1591" status="PASS">
          <reporter-output>
          </reporter-output>
        </test-method> <!-- Scenario_2 -->
        <test-method is-config="true" signature="FailedTestCases(org.testng.ITestResult)[pri:0, instance:com.test.Scenario2@1a18644]" started-at="2022-04-11T08:47:13 IST" name="FailedTestCases" finished-at="2022-04-11T08:47:13 IST" duration-ms="0" status="PASS">
          <params>
            <param index="0">
              <value>
                <![CDATA[[TestResult name=Scenario_2 status=SUCCESS method=Scenario2.Scenario_2()[pri:0, instance:com.test.Scenario2@1a18644] output={null}]]]>
              </value>
            </param>
          </params>
          <reporter-output>
          </reporter-output>
        </test-method> <!-- FailedTestCases -->
        <test-method is-config="true" signature="tearDown()[pri:0, instance:com.test.Scenario2@1a18644]" started-at="2022-04-11T08:47:13 IST" name="tearDown" finished-at="2022-04-11T08:47:13 IST" duration-ms="215" status="PASS">
          <reporter-output>
          </reporter-output>
        </test-method> <!-- tearDown -->
      </class> <!-- com.test.Scenario2 -->
    </test> <!-- Listeners_program -->
  </suite> <!-- Suite -->
</testng-results>
