<?xml version="1.0" encoding="UTF-8"?>
<testng-results ignored="0" total="1" passed="1" failed="0" skipped="0">
  <reporter-output>
  </reporter-output>
  <suite started-at="2022-04-08T20:58:02 IST" name="Default suite" finished-at="2022-04-08T20:58:12 IST" duration-ms="9377">
    <groups>
    </groups>
    <test started-at="2022-04-08T20:58:02 IST" name="Default test" finished-at="2022-04-08T20:58:12 IST" duration-ms="9377">
      <class name="com.test.Scenario3">
        <test-method is-config="true" signature="setUpEnv()[pri:0, instance:com.test.Scenario3@53fdffa1]" started-at="2022-04-08T20:58:02 IST" name="setUpEnv" finished-at="2022-04-08T20:58:02 IST" duration-ms="6" status="PASS">
          <reporter-output>
          </reporter-output>
        </test-method> <!-- setUpEnv -->
        <test-method is-config="true" signature="setUp()[pri:0, instance:com.test.Scenario3@53fdffa1]" started-at="2022-04-08T20:58:02 IST" name="setUp" finished-at="2022-04-08T20:58:05 IST" duration-ms="3105" status="PASS">
          <reporter-output>
          </reporter-output>
        </test-method> <!-- setUp -->
        <test-method signature="select_product()[pri:0, instance:com.test.Scenario3@53fdffa1]" started-at="2022-04-08T20:58:05 IST" name="select_product" finished-at="2022-04-08T20:58:11 IST" duration-ms="6062" status="PASS">
          <reporter-output>
          </reporter-output>
        </test-method> <!-- select_product -->
        <test-method is-config="true" signature="FailedTestCases(org.testng.ITestResult)[pri:0, instance:com.test.Scenario3@53fdffa1]" started-at="2022-04-08T20:58:11 IST" name="FailedTestCases" finished-at="2022-04-08T20:58:11 IST" duration-ms="2" status="PASS">
          <params>
            <param index="0">
              <value>
                <![CDATA[[TestResult name=select_product status=SUCCESS method=Scenario3.select_product()[pri:0, instance:com.test.Scenario3@53fdffa1] output={null}]]]>
              </value>
            </param>
          </params>
          <reporter-output>
          </reporter-output>
        </test-method> <!-- FailedTestCases -->
        <test-method is-config="true" signature="tearDown()[pri:0, instance:com.test.Scenario3@53fdffa1]" started-at="2022-04-08T20:58:11 IST" name="tearDown" finished-at="2022-04-08T20:58:12 IST" duration-ms="182" status="PASS">
          <reporter-output>
          </reporter-output>
        </test-method> <!-- tearDown -->
      </class> <!-- com.test.Scenario3 -->
    </test> <!-- Default test -->
  </suite> <!-- Default suite -->
</testng-results>
