<?xml version="1.0" encoding="UTF-8"?>
<testng-results ignored="0" total="1" passed="0" failed="0" skipped="1">
  <reporter-output>
  </reporter-output>
  <suite started-at="2022-04-23T13:53:32 IST" name="Default suite" finished-at="2022-04-23T13:53:32 IST" duration-ms="41">
    <groups>
    </groups>
    <test started-at="2022-04-23T13:53:32 IST" name="Default test" finished-at="2022-04-23T13:53:32 IST" duration-ms="41">
      <class name="com.qa.tests.Scenario1">
        <test-method is-config="true" signature="setup(java.lang.String,java.lang.String,java.lang.String)[pri:0, instance:com.qa.tests.Scenario1@d737b89]" started-at="2022-04-23T13:53:32 IST" name="setup" finished-at="1970-01-01T05:30:00 IST" duration-ms="-1650702212099" status="FAIL">
          <exception class="org.testng.TestNGException">
            <message>
              <![CDATA[
Parameter 'platformName' is required by BeforeSuite on method setup but has not been marked @Optional or defined
in C:\Users\PrasantaMukherjee\AppData\Local\Temp\testng-eclipse-2011360221\testng-customsuite.xml]]>
            </message>
            <full-stacktrace>
              <![CDATA[org.testng.TestNGException: 
Parameter 'platformName' is required by BeforeSuite on method setup but has not been marked @Optional or defined
in C:\Users\PrasantaMukherjee\AppData\Local\Temp\testng-eclipse-2011360221\testng-customsuite.xml
at org.testng.internal.Parameters.createParams(Parameters.java:270)
at org.testng.internal.Parameters.createParametersForMethod(Parameters.java:358)
at org.testng.internal.Parameters.createParameters(Parameters.java:700)
at org.testng.internal.Parameters.createConfigurationParameters(Parameters.java:168)
at org.testng.internal.ConfigInvoker.invokeConfigurations(ConfigInvoker.java:302)
at org.testng.SuiteRunner.privateRun(SuiteRunner.java:317)
at org.testng.SuiteRunner.run(SuiteRunner.java:276)
at org.testng.SuiteRunnerWorker.runSuite(SuiteRunnerWorker.java:53)
at org.testng.SuiteRunnerWorker.run(SuiteRunnerWorker.java:96)
at org.testng.TestNG.runSuitesSequentially(TestNG.java:1212)
at org.testng.TestNG.runSuitesLocally(TestNG.java:1134)
at org.testng.TestNG.runSuites(TestNG.java:1063)
at org.testng.TestNG.run(TestNG.java:1031)
at org.testng.remote.AbstractRemoteTestNG.run(AbstractRemoteTestNG.java:115)
at org.testng.remote.RemoteTestNG.initAndRun(RemoteTestNG.java:251)
at org.testng.remote.RemoteTestNG.main(RemoteTestNG.java:77)
]]>
            </full-stacktrace>
          </exception> <!-- org.testng.TestNGException -->
          <reporter-output>
          </reporter-output>
        </test-method> <!-- setup -->
        <test-method is-config="true" signature="beforeClass()[pri:0, instance:com.qa.tests.Scenario1@d737b89]" started-at="2022-04-23T13:53:32 IST" name="beforeClass" finished-at="1970-01-01T05:30:00 IST" duration-ms="-1650702212126" status="SKIP">
          <reporter-output>
          </reporter-output>
        </test-method> <!-- beforeClass -->
        <test-method is-config="true" signature="beforeMethod(java.lang.reflect.Method)[pri:0, instance:com.qa.tests.Scenario1@d737b89]" started-at="2022-04-23T13:53:32 IST" name="beforeMethod" finished-at="1970-01-01T05:30:00 IST" duration-ms="-1650702212138" status="SKIP">
          <reporter-output>
          </reporter-output>
        </test-method> <!-- beforeMethod -->
        <test-method signature="Scenario1_Test()[pri:0, instance:com.qa.tests.Scenario1@d737b89]" started-at="2022-04-23T13:53:32 IST" name="Scenario1_Test" finished-at="2022-04-23T13:53:32 IST" duration-ms="0" status="SKIP">
          <exception class="org.testng.TestNGException">
            <message>
              <![CDATA[
Parameter 'platformName' is required by BeforeSuite on method setup but has not been marked @Optional or defined
in C:\Users\PrasantaMukherjee\AppData\Local\Temp\testng-eclipse-2011360221\testng-customsuite.xml]]>
            </message>
            <full-stacktrace>
              <![CDATA[org.testng.TestNGException: 
Parameter 'platformName' is required by BeforeSuite on method setup but has not been marked @Optional or defined
in C:\Users\PrasantaMukherjee\AppData\Local\Temp\testng-eclipse-2011360221\testng-customsuite.xml
at org.testng.internal.Parameters.createParams(Parameters.java:270)
at org.testng.internal.Parameters.createParametersForMethod(Parameters.java:358)
at org.testng.internal.Parameters.createParameters(Parameters.java:700)
at org.testng.internal.Parameters.createConfigurationParameters(Parameters.java:168)
at org.testng.internal.ConfigInvoker.invokeConfigurations(ConfigInvoker.java:302)
at org.testng.SuiteRunner.privateRun(SuiteRunner.java:317)
at org.testng.SuiteRunner.run(SuiteRunner.java:276)
at org.testng.SuiteRunnerWorker.runSuite(SuiteRunnerWorker.java:53)
at org.testng.SuiteRunnerWorker.run(SuiteRunnerWorker.java:96)
at org.testng.TestNG.runSuitesSequentially(TestNG.java:1212)
at org.testng.TestNG.runSuitesLocally(TestNG.java:1134)
at org.testng.TestNG.runSuites(TestNG.java:1063)
at org.testng.TestNG.run(TestNG.java:1031)
at org.testng.remote.AbstractRemoteTestNG.run(AbstractRemoteTestNG.java:115)
at org.testng.remote.RemoteTestNG.initAndRun(RemoteTestNG.java:251)
at org.testng.remote.RemoteTestNG.main(RemoteTestNG.java:77)
]]>
            </full-stacktrace>
          </exception> <!-- org.testng.TestNGException -->
          <reporter-output>
          </reporter-output>
        </test-method> <!-- Scenario1_Test -->
        <test-method is-config="true" signature="afterMethod()[pri:0, instance:com.qa.tests.Scenario1@d737b89]" started-at="2022-04-23T13:53:32 IST" name="afterMethod" finished-at="1970-01-01T05:30:00 IST" duration-ms="-1650702212145" status="SKIP">
          <reporter-output>
          </reporter-output>
        </test-method> <!-- afterMethod -->
        <test-method is-config="true" signature="afterClass()[pri:0, instance:com.qa.tests.Scenario1@d737b89]" started-at="2022-04-23T13:53:32 IST" name="afterClass" finished-at="1970-01-01T05:30:00 IST" duration-ms="-1650702212147" status="SKIP">
          <reporter-output>
          </reporter-output>
        </test-method> <!-- afterClass -->
        <test-method is-config="true" signature="afterSuite()[pri:0, instance:com.qa.tests.Scenario1@d737b89]" started-at="2022-04-23T13:53:32 IST" name="afterSuite" finished-at="2022-04-23T13:53:32 IST" duration-ms="3" status="FAIL">
          <exception class="java.lang.NullPointerException">
            <message>
              <![CDATA[Cannot invoke "io.appium.java_client.service.local.AppiumDriverLocalService.isRunning()" because "com.qa.BaseTest.server" is null]]>
            </message>
            <full-stacktrace>
              <![CDATA[java.lang.NullPointerException: Cannot invoke "io.appium.java_client.service.local.AppiumDriverLocalService.isRunning()" because "com.qa.BaseTest.server" is null
at com.qa.BaseTest.afterSuite(BaseTest.java:158)
at java.base/jdk.internal.reflect.NativeMethodAccessorImpl.invoke0(Native Method)
at java.base/jdk.internal.reflect.NativeMethodAccessorImpl.invoke(NativeMethodAccessorImpl.java:77)
at java.base/jdk.internal.reflect.DelegatingMethodAccessorImpl.invoke(DelegatingMethodAccessorImpl.java:43)
at java.base/java.lang.reflect.Method.invoke(Method.java:568)
at org.testng.internal.MethodInvocationHelper.invokeMethod(MethodInvocationHelper.java:133)
at org.testng.internal.MethodInvocationHelper.invokeMethodConsideringTimeout(MethodInvocationHelper.java:62)
at org.testng.internal.ConfigInvoker.invokeConfigurationMethod(ConfigInvoker.java:385)
at org.testng.internal.ConfigInvoker.invokeConfigurations(ConfigInvoker.java:321)
at org.testng.SuiteRunner.privateRun(SuiteRunner.java:344)
at org.testng.SuiteRunner.run(SuiteRunner.java:276)
at org.testng.SuiteRunnerWorker.runSuite(SuiteRunnerWorker.java:53)
at org.testng.SuiteRunnerWorker.run(SuiteRunnerWorker.java:96)
at org.testng.TestNG.runSuitesSequentially(TestNG.java:1212)
at org.testng.TestNG.runSuitesLocally(TestNG.java:1134)
at org.testng.TestNG.runSuites(TestNG.java:1063)
at org.testng.TestNG.run(TestNG.java:1031)
at org.testng.remote.AbstractRemoteTestNG.run(AbstractRemoteTestNG.java:115)
at org.testng.remote.RemoteTestNG.initAndRun(RemoteTestNG.java:251)
at org.testng.remote.RemoteTestNG.main(RemoteTestNG.java:77)
]]>
            </full-stacktrace>
          </exception> <!-- java.lang.NullPointerException -->
          <reporter-output>
          </reporter-output>
        </test-method> <!-- afterSuite -->
        <test-method is-config="true" signature="tearDown()[pri:0, instance:com.qa.tests.Scenario1@d737b89]" started-at="2022-04-23T13:53:32 IST" name="tearDown" finished-at="1970-01-01T05:30:00 IST" duration-ms="-1650702212254" status="SKIP">
          <reporter-output>
          </reporter-output>
        </test-method> <!-- tearDown -->
      </class> <!-- com.qa.tests.Scenario1 -->
    </test> <!-- Default test -->
  </suite> <!-- Default suite -->
</testng-results>
