<?xml version="1.0" encoding="UTF-8"?>
<testng-results ignored="0" total="1" passed="1" failed="0" skipped="0">
  <reporter-output>
  </reporter-output>
  <suite started-at="2022-04-15T17:03:19 IST" name="Default suite" finished-at="2022-04-15T17:03:26 IST" duration-ms="6969">
    <groups>
    </groups>
    <test started-at="2022-04-15T17:03:19 IST" name="Default test" finished-at="2022-04-15T17:03:26 IST" duration-ms="6969">
      <class name="PostRequest.RestAssured_Assignment">
        <test-method signature="postOrder()[pri:0, instance:PostRequest.RestAssured_Assignment@22e357dc]" started-at="2022-04-15T17:03:19 IST" name="postOrder" finished-at="2022-04-15T17:03:26 IST" duration-ms="6928" status="PASS">
          <reporter-output>
          </reporter-output>
        </test-method> <!-- postOrder -->
      </class> <!-- PostRequest.RestAssured_Assignment -->
    </test> <!-- Default test -->
  </suite> <!-- Default suite -->
</testng-results>
