<?xml version="1.0" encoding="UTF-8"?>
<testng-results ignored="0" total="1" passed="1" failed="0" skipped="0">
  <reporter-output>
  </reporter-output>
  <suite started-at="2022-04-09T19:07:20 IST" name="Default suite" finished-at="2022-04-09T19:07:27 IST" duration-ms="7128">
    <groups>
    </groups>
    <test started-at="2022-04-09T19:07:20 IST" name="Default test" finished-at="2022-04-09T19:07:27 IST" duration-ms="7128">
      <class name="com.test.Scenario1">
        <test-method is-config="true" signature="setUpEnv()[pri:0, instance:com.test.Scenario1@53fdffa1]" started-at="2022-04-09T19:07:20 IST" name="setUpEnv" finished-at="2022-04-09T19:07:20 IST" duration-ms="13" status="PASS">
          <reporter-output>
          </reporter-output>
        </test-method> <!-- setUpEnv -->
        <test-method is-config="true" signature="setUp()[pri:0, instance:com.test.Scenario1@53fdffa1]" started-at="2022-04-09T19:07:20 IST" name="setUp" finished-at="2022-04-09T19:07:26 IST" duration-ms="5739" status="PASS">
          <reporter-output>
          </reporter-output>
        </test-method> <!-- setUp -->
        <test-method signature="select_product()[pri:0, instance:com.test.Scenario1@53fdffa1]" started-at="2022-04-09T19:07:26 IST" name="select_product" finished-at="2022-04-09T19:07:27 IST" duration-ms="1153" status="PASS">
          <reporter-output>
          </reporter-output>
        </test-method> <!-- select_product -->
        <test-method is-config="true" signature="FailedTestCases(org.testng.ITestResult)[pri:0, instance:com.test.Scenario1@53fdffa1]" started-at="2022-04-09T19:07:27 IST" name="FailedTestCases" finished-at="2022-04-09T19:07:27 IST" duration-ms="1" status="PASS">
          <params>
            <param index="0">
              <value>
                <![CDATA[[TestResult name=select_product status=SUCCESS method=Scenario1.select_product()[pri:0, instance:com.test.Scenario1@53fdffa1] output={null}]]]>
              </value>
            </param>
          </params>
          <reporter-output>
          </reporter-output>
        </test-method> <!-- FailedTestCases -->
        <test-method is-config="true" signature="tearDown()[pri:0, instance:com.test.Scenario1@53fdffa1]" started-at="2022-04-09T19:07:27 IST" name="tearDown" finished-at="2022-04-09T19:07:27 IST" duration-ms="201" status="PASS">
          <reporter-output>
          </reporter-output>
        </test-method> <!-- tearDown -->
      </class> <!-- com.test.Scenario1 -->
    </test> <!-- Default test -->
  </suite> <!-- Default suite -->
</testng-results>
