<?xml version="1.0" encoding="UTF-8"?>
<testng-results ignored="0" total="1" passed="0" failed="1" skipped="0">
  <reporter-output>
  </reporter-output>
  <suite started-at="2022-04-24T13:46:06 IST" name="Suite" finished-at="2022-04-24T13:46:16 IST" duration-ms="9532">
    <groups>
    </groups>
    <test started-at="2022-04-24T13:46:06 IST" name="Pixel_4" finished-at="2022-04-24T13:46:16 IST" duration-ms="9532">
      <class name="com.qa.tests.Scenario1">
        <test-method is-config="true" signature="setup(java.lang.String,java.lang.String,java.lang.String)[pri:0, instance:com.qa.tests.Scenario1@14028087]" started-at="2022-04-24T13:45:23 IST" name="setup" finished-at="2022-04-24T13:46:06 IST" duration-ms="43370" status="PASS">
          <params>
            <param index="0">
              <value>
                <![CDATA[Android]]>
              </value>
            </param>
            <param index="1">
              <value>
                <![CDATA[emulator-5554]]>
              </value>
            </param>
            <param index="2">
              <value>
                <![CDATA[Pixel_4]]>
              </value>
            </param>
          </params>
          <reporter-output>
          </reporter-output>
        </test-method> <!-- setup -->
        <test-method is-config="true" signature="beforeClass()[pri:0, instance:com.qa.tests.Scenario1@14028087]" started-at="2022-04-24T13:46:06 IST" name="beforeClass" finished-at="2022-04-24T13:46:16 IST" duration-ms="9423" status="PASS">
          <reporter-output>
          </reporter-output>
        </test-method> <!-- beforeClass -->
        <test-method is-config="true" signature="beforeMethod(java.lang.reflect.Method)[pri:0, instance:com.qa.tests.Scenario1@14028087]" started-at="2022-04-24T13:46:16 IST" name="beforeMethod" finished-at="2022-04-24T13:46:16 IST" duration-ms="4" status="PASS">
          <params>
            <param index="0">
              <value>
                <![CDATA[public void com.qa.tests.Scenario1.Scenario1_Test()]]>
              </value>
            </param>
          </params>
          <reporter-output>
          </reporter-output>
        </test-method> <!-- beforeMethod -->
        <test-method signature="Scenario1_Test()[pri:0, instance:com.qa.tests.Scenario1@14028087]" started-at="2022-04-24T13:46:16 IST" name="Scenario1_Test" finished-at="2022-04-24T13:46:16 IST" duration-ms="14" status="FAIL">
          <exception class="java.lang.NullPointerException">
            <message>
              <![CDATA[Cannot invoke "com.Pages.LoginPage.enterUserName(String)" because "this.loginPage" is null]]>
            </message>
            <full-stacktrace>
              <![CDATA[java.lang.NullPointerException: Cannot invoke "com.Pages.LoginPage.enterUserName(String)" because "this.loginPage" is null
at com.qa.tests.Scenario1.Scenario1_Test(Scenario1.java:53)
at java.base/jdk.internal.reflect.NativeMethodAccessorImpl.invoke0(Native Method)
at java.base/jdk.internal.reflect.NativeMethodAccessorImpl.invoke(NativeMethodAccessorImpl.java:77)
at java.base/jdk.internal.reflect.DelegatingMethodAccessorImpl.invoke(DelegatingMethodAccessorImpl.java:43)
at java.base/java.lang.reflect.Method.invoke(Method.java:568)
at org.testng.internal.MethodInvocationHelper.invokeMethod(MethodInvocationHelper.java:133)
at org.testng.internal.TestInvoker.invokeMethod(TestInvoker.java:598)
at org.testng.internal.TestInvoker.invokeTestMethod(TestInvoker.java:173)
at org.testng.internal.MethodRunner.runInSequence(MethodRunner.java:46)
at org.testng.internal.TestInvoker$MethodInvocationAgent.invoke(TestInvoker.java:824)
at org.testng.internal.TestInvoker.invokeTestMethods(TestInvoker.java:146)
at org.testng.internal.TestMethodWorker.invokeTestMethods(TestMethodWorker.java:146)
at org.testng.internal.TestMethodWorker.run(TestMethodWorker.java:128)
at java.base/java.util.ArrayList.forEach(ArrayList.java:1511)
at org.testng.TestRunner.privateRun(TestRunner.java:794)
at org.testng.TestRunner.run(TestRunner.java:596)
at org.testng.SuiteRunner.runTest(SuiteRunner.java:377)
at org.testng.SuiteRunner.runSequentially(SuiteRunner.java:371)
at org.testng.SuiteRunner.privateRun(SuiteRunner.java:332)
at org.testng.SuiteRunner.run(SuiteRunner.java:276)
at org.testng.SuiteRunnerWorker.runSuite(SuiteRunnerWorker.java:53)
at org.testng.SuiteRunnerWorker.run(SuiteRunnerWorker.java:96)
at org.testng.TestNG.runSuitesSequentially(TestNG.java:1212)
at org.testng.TestNG.runSuitesLocally(TestNG.java:1134)
at org.testng.TestNG.runSuites(TestNG.java:1063)
at org.testng.TestNG.run(TestNG.java:1031)
at org.testng.remote.AbstractRemoteTestNG.run(AbstractRemoteTestNG.java:115)
at org.testng.remote.RemoteTestNG.initAndRun(RemoteTestNG.java:251)
at org.testng.remote.RemoteTestNG.main(RemoteTestNG.java:77)
]]>
            </full-stacktrace>
          </exception> <!-- java.lang.NullPointerException -->
          <reporter-output>
          </reporter-output>
        </test-method> <!-- Scenario1_Test -->
        <test-method is-config="true" signature="afterMethod()[pri:0, instance:com.qa.tests.Scenario1@14028087]" started-at="2022-04-24T13:46:16 IST" name="afterMethod" finished-at="2022-04-24T13:46:16 IST" duration-ms="1" status="PASS">
          <reporter-output>
          </reporter-output>
        </test-method> <!-- afterMethod -->
        <test-method is-config="true" signature="afterClass()[pri:0, instance:com.qa.tests.Scenario1@14028087]" started-at="2022-04-24T13:46:16 IST" name="afterClass" finished-at="2022-04-24T13:46:16 IST" duration-ms="1" status="PASS">
          <reporter-output>
          </reporter-output>
        </test-method> <!-- afterClass -->
        <test-method is-config="true" signature="afterSuite()[pri:0, instance:com.qa.tests.Scenario1@14028087]" started-at="2022-04-24T13:46:16 IST" name="afterSuite" finished-at="2022-04-24T13:46:16 IST" duration-ms="1" status="PASS">
          <reporter-output>
          </reporter-output>
        </test-method> <!-- afterSuite -->
        <test-method is-config="true" signature="tearDown()[pri:0, instance:com.qa.tests.Scenario1@14028087]" started-at="2022-04-24T13:46:16 IST" name="tearDown" finished-at="2022-04-24T13:46:16 IST" duration-ms="0" status="PASS">
          <reporter-output>
          </reporter-output>
        </test-method> <!-- tearDown -->
      </class> <!-- com.qa.tests.Scenario1 -->
    </test> <!-- Pixel_4 -->
  </suite> <!-- Suite -->
</testng-results>
