<?xml version="1.0" encoding="UTF-8"?>
<testng-results ignored="0" total="1" passed="1" failed="0" skipped="0">
  <reporter-output>
  </reporter-output>
  <suite started-at="2022-04-12T10:17:29 IST" name="Default suite" finished-at="2022-04-12T10:17:40 IST" duration-ms="11268">
    <groups>
    </groups>
    <test started-at="2022-04-12T10:17:29 IST" name="Default test" finished-at="2022-04-12T10:17:40 IST" duration-ms="11268">
      <class name="com.test.Scenario3">
        <test-method is-config="true" signature="setUpEnv()[pri:0, instance:com.test.Scenario3@53fdffa1]" started-at="2022-04-12T10:17:29 IST" name="setUpEnv" finished-at="2022-04-12T10:17:29 IST" duration-ms="9" status="PASS">
          <reporter-output>
          </reporter-output>
        </test-method> <!-- setUpEnv -->
        <test-method is-config="true" signature="setUp()[pri:0, instance:com.test.Scenario3@53fdffa1]" started-at="2022-04-12T10:17:29 IST" name="setUp" finished-at="2022-04-12T10:17:32 IST" duration-ms="2682" status="PASS">
          <reporter-output>
          </reporter-output>
        </test-method> <!-- setUp -->
        <test-method signature="Scenario_3()[pri:0, instance:com.test.Scenario3@53fdffa1]" started-at="2022-04-12T10:17:32 IST" name="Scenario_3" finished-at="2022-04-12T10:17:40 IST" duration-ms="8203" status="PASS">
          <reporter-output>
          </reporter-output>
        </test-method> <!-- Scenario_3 -->
        <test-method is-config="true" signature="FailedTestCases(org.testng.ITestResult)[pri:0, instance:com.test.Scenario3@53fdffa1]" started-at="2022-04-12T10:17:40 IST" name="FailedTestCases" finished-at="2022-04-12T10:17:40 IST" duration-ms="3" status="PASS">
          <params>
            <param index="0">
              <value>
                <![CDATA[[TestResult name=Scenario_3 status=SUCCESS method=Scenario3.Scenario_3()[pri:0, instance:com.test.Scenario3@53fdffa1] output={null}]]]>
              </value>
            </param>
          </params>
          <reporter-output>
          </reporter-output>
        </test-method> <!-- FailedTestCases -->
        <test-method is-config="true" signature="tearDown()[pri:0, instance:com.test.Scenario3@53fdffa1]" started-at="2022-04-12T10:17:40 IST" name="tearDown" finished-at="2022-04-12T10:17:40 IST" duration-ms="344" status="PASS">
          <reporter-output>
          </reporter-output>
        </test-method> <!-- tearDown -->
      </class> <!-- com.test.Scenario3 -->
    </test> <!-- Default test -->
  </suite> <!-- Default suite -->
</testng-results>
